[debug] [2022-08-29T01:39:02.396Z] ----------------------------------------------------------------------
[debug] [2022-08-29T01:39:02.398Z] Command:       C:\Program Files\nodejs\node.exe C:\Users\EasyLife\AppData\Roaming\npm\node_modules\firebase-tools\lib\bin\firebase.js init hosting
[debug] [2022-08-29T01:39:02.398Z] CLI Version:   11.8.0
[debug] [2022-08-29T01:39:02.398Z] Platform:      win32
[debug] [2022-08-29T01:39:02.398Z] Node Version:  v16.16.0
[debug] [2022-08-29T01:39:02.399Z] Time:          Mon Aug 29 2022 04:39:02 GMT+0300 (توقيت شرق أوروبا الصيفي)
[debug] [2022-08-29T01:39:02.400Z] ----------------------------------------------------------------------
[debug] 
[debug] [2022-08-29T01:39:02.455Z] > command requires scopes: ["email","openid","https://www.googleapis.com/auth/cloudplatformprojects.readonly","https://www.googleapis.com/auth/firebase","https://www.googleapis.com/auth/cloud-platform"]
[debug] [2022-08-29T01:39:02.455Z] > authorizing via signed-in user (app.doitf@gmail.com)
[info] 
     ######## #### ########  ######## ########     ###     ######  ########
     ##        ##  ##     ## ##       ##     ##  ##   ##  ##       ##
     ######    ##  ########  ######   ########  #########  ######  ######
     ##        ##  ##    ##  ##       ##     ## ##     ##       ## ##
     ##       #### ##     ## ######## ########  ##     ##  ######  ########

You're about to initialize a Firebase project in this directory:

  C:\Users\EasyLife\Documents\GitHub\host

Before we get started, keep in mind:

  * You are initializing within an existing Firebase project directory

[info] 
=== Project Setup
[info] 
[info] First, let's associate this project directory with a Firebase project.
[info] You can create multiple project aliases by running firebase use --add, 
[info] but for now we'll just set up a default project.
[info] 
[debug] [2022-08-29T01:39:06.085Z] Using project from CLI flag: host-card
[debug] [2022-08-29T01:39:06.087Z] >>> [apiv2][query] GET https://firebase.googleapis.com/v1beta1/projects/host-card [none]
[debug] [2022-08-29T01:39:06.654Z] <<< [apiv2][status] GET https://firebase.googleapis.com/v1beta1/projects/host-card 200
[debug] [2022-08-29T01:39:06.654Z] <<< [apiv2][body] GET https://firebase.googleapis.com/v1beta1/projects/host-card {"projectId":"host-card","projectNumber":"208301648836","displayName":"host","name":"projects/host-card","resources":{"hostingSite":"host-card"},"state":"ACTIVE","etag":"1_e6e8d9ef-2758-427c-9d71-c2ebeac74b50"}
[info] i  Using project host-card (host) 
[info] 
=== Hosting Setup
[info] 
[info] Your public directory is the folder (relative to your project directory) that
[info] will contain Hosting assets to be uploaded with firebase deploy. If you
[info] have a build process for your assets, use your build's output directory.
[info] 
